time="2021-11-16T14:19:50Z" level=info msg="Load Balancer started at :3030\n" fields.msg="Load Balancer started at :3030\n"
time="2021-11-16T14:21:50Z" level=info msg="starting node health checks..." fields.msg="starting node health checks..."
time="2021-11-16T14:21:50Z" level=error msg="node unreachable" fields.msg="http://localhost:8110 [up]\n"
time="2021-11-16T14:21:50Z" level=info msg="node health checks completed" fields.msg="node health checks completed"
time="2021-11-16T14:23:50Z" level=info msg="starting node health checks..." fields.msg="starting node health checks..."
time="2021-11-16T14:23:50Z" level=error msg="node unreachable" fields.msg="http://localhost:8110 [up]\n"
time="2021-11-16T14:23:50Z" level=info msg="node health checks completed" fields.msg="node health checks completed"
time="2021-11-16T14:25:50Z" level=info msg="starting node health checks..." fields.msg="starting node health checks..."
time="2021-11-16T14:25:50Z" level=error msg="node unreachable" fields.msg="http://localhost:8110 [up]\n"
time="2021-11-16T14:25:50Z" level=info msg="node health checks completed" fields.msg="node health checks completed"
time="2021-11-16T14:27:50Z" level=info msg="starting node health checks..." fields.msg="starting node health checks..."
time="2021-11-16T14:27:50Z" level=error msg="node unreachable" fields.msg="http://localhost:8110 [up]\n"
time="2021-11-16T14:27:50Z" level=info msg="node health checks completed" fields.msg="node health checks completed"
time="2021-11-16T14:47:07Z" level=info msg="Load Balancer started at :3030\n" fields.msg="Load Balancer started at :3030\n"
time="2021-11-16T14:49:07Z" level=info msg="starting node health checks..." fields.msg="starting node health checks..."
time="2021-11-16T14:49:32Z" level=error msg="node unreachable" fields.msg="http://localhost:8110 up"
time="2021-11-16T14:49:32Z" level=info msg="node health checks completed" fields.msg="node health checks completed"
time="2021-11-16T14:51:07Z" level=info msg="starting node health checks..." fields.msg="starting node health checks..."
time="2021-11-16T15:00:37Z" level=info msg="Load Balancer started at :3030\n" fields.msg="Load Balancer started at :3030\n"
time="2021-11-16T15:02:37Z" level=info msg="starting node health checks..." fields.msg="starting node health checks..."
time="2021-11-16T15:03:57Z" level=info msg="Load Balancer started at :3030\n" fields.msg="Load Balancer started at :3030\n"
time="2021-11-16T15:05:57Z" level=info msg="starting node health checks..." fields.msg="starting node health checks..."
time="2021-11-16T15:06:34Z" level=error msg="node unreachable" fields.msg="http://localhost:8110 up"
time="2021-11-16T15:06:34Z" level=info msg="node health checks completed" fields.msg="node health checks completed"
time="2021-11-16T15:22:49Z" level=info msg="Load Balancer started at :3030\n" fields.msg="Load Balancer started at :3030\n"
time="2021-11-16T15:24:49Z" level=info msg="starting node health checks..." fields.msg="starting node health checks..."
time="2021-11-16T15:24:57Z" level=error msg="node unreachable" fields.msg="http://localhost:8110 up"
time="2021-11-16T15:24:57Z" level=info msg="node health checks completed" fields.msg="node health checks completed"
time="2021-11-16T15:26:49Z" level=info msg="starting node health checks..." fields.msg="starting node health checks..."
